{"__type":"$$EventMessageAudit","id":"56d42221-0c79-4f6f-a95a-53e381f1f5a6","ts":"2025-08-05T07:40:52.744+00:00","eventName":"n8n.audit.user.login.success","message":"n8n.audit.user.login.success","payload":{"userId":"7fb6d519-fb25-43ee-a4f1-7228ee6901bd","_email":"sasandilantha12@gmail.com","_firstName":"Sasan","_lastName":"Dilantha","globalRole":"global:owner","authenticationMethod":"email"}}
{"__type":"$$EventMessageConfirm","confirm":"56d42221-0c79-4f6f-a95a-53e381f1f5a6","ts":"2025-08-05T07:40:52.745+00:00","source":{"id":"0","name":"eventBus"}}
{"__type":"$$EventMessageWorkflow","id":"62234b9c-0395-43a5-8e50-5b51e6f091f2","ts":"2025-08-05T03:42:06.808-04:00","eventName":"n8n.workflow.started","message":"n8n.workflow.started","payload":{"executionId":"34","workflowId":"uRsbqA8RLjQ6JQ5O","isManual":false,"workflowName":"Bolg_workflow"}}
{"__type":"$$EventMessageConfirm","confirm":"62234b9c-0395-43a5-8e50-5b51e6f091f2","ts":"2025-08-05T03:42:06.809-04:00","source":{"id":"0","name":"eventBus"}}
{"__type":"$$EventMessageNode","id":"3ea55088-b318-42f0-aa4f-8539f969ad6f","ts":"2025-08-05T03:42:06.813-04:00","eventName":"n8n.node.started","message":"n8n.node.started","payload":{"workflowId":"uRsbqA8RLjQ6JQ5O","workflowName":"Bolg_workflow","executionId":"34","nodeType":"n8n-nodes-base.formTrigger","nodeName":"On form submission","nodeId":"6793679b-3d06-4219-a3c1-c91a81254cee"}}
{"__type":"$$EventMessageConfirm","confirm":"3ea55088-b318-42f0-aa4f-8539f969ad6f","ts":"2025-08-05T03:42:06.813-04:00","source":{"id":"0","name":"eventBus"}}
{"__type":"$$EventMessageNode","id":"496df206-fa0e-48fc-824c-682fa835b9bd","ts":"2025-08-05T03:42:06.815-04:00","eventName":"n8n.node.finished","message":"n8n.node.finished","payload":{"workflowId":"uRsbqA8RLjQ6JQ5O","workflowName":"Bolg_workflow","executionId":"34","nodeType":"n8n-nodes-base.formTrigger","nodeName":"On form submission","nodeId":"6793679b-3d06-4219-a3c1-c91a81254cee"}}
{"__type":"$$EventMessageConfirm","confirm":"496df206-fa0e-48fc-824c-682fa835b9bd","ts":"2025-08-05T03:42:06.815-04:00","source":{"id":"0","name":"eventBus"}}
{"__type":"$$EventMessageWorkflow","id":"3c32e504-90f5-4798-a146-8eb1002d5cdf","ts":"2025-08-05T03:42:06.822-04:00","eventName":"n8n.workflow.success","message":"n8n.workflow.success","payload":{"executionId":"34","success":true,"isManual":true,"workflowId":"uRsbqA8RLjQ6JQ5O","workflowName":"Bolg_workflow"}}
{"__type":"$$EventMessageConfirm","confirm":"3c32e504-90f5-4798-a146-8eb1002d5cdf","ts":"2025-08-05T03:42:06.823-04:00","source":{"id":"0","name":"eventBus"}}
{"__type":"$$EventMessageWorkflow","id":"ca22e0d1-4841-46db-b1bc-e994aebe46f4","ts":"2025-08-05T03:44:29.734-04:00","eventName":"n8n.workflow.started","message":"n8n.workflow.started","payload":{"executionId":"35","workflowId":"uRsbqA8RLjQ6JQ5O","isManual":false,"workflowName":"Bolg_workflow"}}
{"__type":"$$EventMessageConfirm","confirm":"ca22e0d1-4841-46db-b1bc-e994aebe46f4","ts":"2025-08-05T03:44:29.734-04:00","source":{"id":"0","name":"eventBus"}}
{"__type":"$$EventMessageNode","id":"61c5fe11-eb4a-4e3f-838a-d0b9f0650a41","ts":"2025-08-05T03:44:29.735-04:00","eventName":"n8n.node.started","message":"n8n.node.started","payload":{"workflowId":"uRsbqA8RLjQ6JQ5O","workflowName":"Bolg_workflow","executionId":"35","nodeType":"n8n-nodes-base.formTrigger","nodeName":"On form submission","nodeId":"6793679b-3d06-4219-a3c1-c91a81254cee"}}
{"__type":"$$EventMessageConfirm","confirm":"61c5fe11-eb4a-4e3f-838a-d0b9f0650a41","ts":"2025-08-05T03:44:29.735-04:00","source":{"id":"0","name":"eventBus"}}
{"__type":"$$EventMessageNode","id":"fc1050df-335d-4910-a0fa-8aa3539e76eb","ts":"2025-08-05T03:44:29.736-04:00","eventName":"n8n.node.finished","message":"n8n.node.finished","payload":{"workflowId":"uRsbqA8RLjQ6JQ5O","workflowName":"Bolg_workflow","executionId":"35","nodeType":"n8n-nodes-base.formTrigger","nodeName":"On form submission","nodeId":"6793679b-3d06-4219-a3c1-c91a81254cee"}}
{"__type":"$$EventMessageConfirm","confirm":"fc1050df-335d-4910-a0fa-8aa3539e76eb","ts":"2025-08-05T03:44:29.736-04:00","source":{"id":"0","name":"eventBus"}}
{"__type":"$$EventMessageWorkflow","id":"9eceeeb9-ee2b-4456-8740-70977ef11cf4","ts":"2025-08-05T03:44:29.738-04:00","eventName":"n8n.workflow.success","message":"n8n.workflow.success","payload":{"executionId":"35","success":true,"isManual":true,"workflowId":"uRsbqA8RLjQ6JQ5O","workflowName":"Bolg_workflow"}}
{"__type":"$$EventMessageConfirm","confirm":"9eceeeb9-ee2b-4456-8740-70977ef11cf4","ts":"2025-08-05T03:44:29.738-04:00","source":{"id":"0","name":"eventBus"}}
{"__type":"$$EventMessageWorkflow","id":"085311d6-461e-459f-b093-8c125321e656","ts":"2025-08-05T04:48:11.410-04:00","eventName":"n8n.workflow.failed","message":"n8n.workflow.failed","payload":{"userId":"7fb6d519-fb25-43ee-a4f1-7228ee6901bd","executionId":"36","success":false,"isManual":true,"workflowId":"uRsbqA8RLjQ6JQ5O","workflowName":"Bolg_workflow","errorMessage":"The workflow has issues and cannot be executed for that reason. Please fix them first."}}
{"__type":"$$EventMessageConfirm","confirm":"085311d6-461e-459f-b093-8c125321e656","ts":"2025-08-05T04:48:11.412-04:00","source":{"id":"0","name":"eventBus"}}
{"__type":"$$EventMessageWorkflow","id":"347c854f-0db4-420b-9c90-06cba18e024a","ts":"2025-08-05T04:49:16.181-04:00","eventName":"n8n.workflow.started","message":"n8n.workflow.started","payload":{"executionId":"37","workflowId":"uRsbqA8RLjQ6JQ5O","isManual":false,"workflowName":"Bolg_workflow"}}
{"__type":"$$EventMessageConfirm","confirm":"347c854f-0db4-420b-9c90-06cba18e024a","ts":"2025-08-05T04:49:16.181-04:00","source":{"id":"0","name":"eventBus"}}
{"__type":"$$EventMessageNode","id":"49ae009c-cbb6-4b54-a737-a3b92803d783","ts":"2025-08-05T04:49:16.182-04:00","eventName":"n8n.node.started","message":"n8n.node.started","payload":{"workflowId":"uRsbqA8RLjQ6JQ5O","workflowName":"Bolg_workflow","executionId":"37","nodeType":"n8n-nodes-base.formTrigger","nodeName":"On form submission","nodeId":"6793679b-3d06-4219-a3c1-c91a81254cee"}}
{"__type":"$$EventMessageConfirm","confirm":"49ae009c-cbb6-4b54-a737-a3b92803d783","ts":"2025-08-05T04:49:16.182-04:00","source":{"id":"0","name":"eventBus"}}
{"__type":"$$EventMessageNode","id":"f634acf5-1fa9-4d9d-ab30-f72c1bf86805","ts":"2025-08-05T04:49:16.183-04:00","eventName":"n8n.node.finished","message":"n8n.node.finished","payload":{"workflowId":"uRsbqA8RLjQ6JQ5O","workflowName":"Bolg_workflow","executionId":"37","nodeType":"n8n-nodes-base.formTrigger","nodeName":"On form submission","nodeId":"6793679b-3d06-4219-a3c1-c91a81254cee"}}
{"__type":"$$EventMessageConfirm","confirm":"f634acf5-1fa9-4d9d-ab30-f72c1bf86805","ts":"2025-08-05T04:49:16.183-04:00","source":{"id":"0","name":"eventBus"}}
{"__type":"$$EventMessageWorkflow","id":"7e5f0e18-4323-4143-b05d-1f3ff7237b4d","ts":"2025-08-05T04:49:16.187-04:00","eventName":"n8n.workflow.success","message":"n8n.workflow.success","payload":{"executionId":"37","success":true,"isManual":true,"workflowId":"uRsbqA8RLjQ6JQ5O","workflowName":"Bolg_workflow"}}
{"__type":"$$EventMessageConfirm","confirm":"7e5f0e18-4323-4143-b05d-1f3ff7237b4d","ts":"2025-08-05T04:49:16.188-04:00","source":{"id":"0","name":"eventBus"}}
{"__type":"$$EventMessageWorkflow","id":"41e9a887-716d-4a41-a63e-a58b4666b68a","ts":"2025-08-05T04:54:17.807-04:00","eventName":"n8n.workflow.failed","message":"n8n.workflow.failed","payload":{"userId":"7fb6d519-fb25-43ee-a4f1-7228ee6901bd","executionId":"38","success":false,"isManual":true,"workflowId":"uRsbqA8RLjQ6JQ5O","workflowName":"Bolg_workflow","errorMessage":"Connect a trigger to run this node"}}
{"__type":"$$EventMessageConfirm","confirm":"41e9a887-716d-4a41-a63e-a58b4666b68a","ts":"2025-08-05T04:54:17.810-04:00","source":{"id":"0","name":"eventBus"}}
{"__type":"$$EventMessageAudit","id":"43968e25-2725-430b-85fe-4adb6b7adf45","ts":"2025-08-05T07:23:49.359-04:00","eventName":"n8n.audit.workflow.updated","message":"n8n.audit.workflow.updated","payload":{"userId":"7fb6d519-fb25-43ee-a4f1-7228ee6901bd","_email":"sasandilantha12@gmail.com","_firstName":"Sasan","_lastName":"Dilantha","globalRole":"global:owner","workflowId":"uRsbqA8RLjQ6JQ5O","workflowName":"Bolg_workflow"}}
{"__type":"$$EventMessageConfirm","confirm":"43968e25-2725-430b-85fe-4adb6b7adf45","ts":"2025-08-05T07:23:49.368-04:00","source":{"id":"0","name":"eventBus"}}
